<?xml version="1.0" encoding="UTF-8"?>
<!-- Generated by org.testng.reporters.JUnitReportReporter -->
<testsuite hostname="DESKTOP-6BKT3H1" failures="0" tests="5" name="com.Restaurant.Testcases.VerifyValidUserLoginTest" time="75.641" errors="0" timestamp="2022-12-23T08:09:31 IST" skipped="0">
  <testcase classname="com.Restaurant.Testcases.VerifyValidUserLoginTest" name="VerifyUserLogin" time="26.932"/>
  <system-out/>
  <testcase classname="com.Restaurant.Testcases.VerifyValidUserLoginTest" name="VerifyInvalidUserLogin" time="10.793"/>
  <system-out/>
  <testcase classname="com.Restaurant.Testcases.VerifyValidUserLoginTest" name="VerifyInvalidUserLogin" time="13.444"/>
  <system-out/>
  <testcase classname="com.Restaurant.Testcases.VerifyValidUserLoginTest" name="VerifyInvalidUserLogin" time="8.499"/>
  <system-out/>
  <testcase classname="com.Restaurant.Testcases.VerifyValidUserLoginTest" name="VerifyLogout" time="15.973"/>
  <system-out/>
</testsuite> <!-- com.Restaurant.Testcases.VerifyValidUserLoginTest -->
