<?xml version="1.0" encoding="UTF-8"?>
<!-- Generated by org.testng.reporters.JUnitReportReporter -->
<testsuite hostname="DESKTOP-6BKT3H1" failures="0" tests="2" name="com.Restaurant.Testcases.VerifySalesPage" time="134.704" errors="0" timestamp="2022-12-23T08:09:32 IST" skipped="0">
  <testcase classname="com.Restaurant.Testcases.VerifySalesPage" name="VerifySales" time="71.699"/>
  <system-out/>
  <testcase classname="com.Restaurant.Testcases.VerifySalesPage" name="VerifySales" time="63.005"/>
  <system-out/>
</testsuite> <!-- com.Restaurant.Testcases.VerifySalesPage -->
