<?xml version="1.0" encoding="UTF-8"?>
<!-- Generated by org.testng.reporters.JUnitReportReporter -->
<testsuite skipped="0" hostname="DESKTOP-6BKT3H1" name="com.Restaurant.Testcases.VerifyValidUserLoginTest" tests="4" failures="0" timestamp="2022-12-15T00:47:07 IST" time="57.386" errors="0">
  <testcase name="VerifyInvalidUserLogin" time="10.026" classname="com.Restaurant.Testcases.VerifyValidUserLoginTest"/>
  <system-out/>
  <testcase name="VerifyInvalidUserLogin" time="10.664" classname="com.Restaurant.Testcases.VerifyValidUserLoginTest"/>
  <system-out/>
  <testcase name="VerifyInvalidUserLogin" time="10.923" classname="com.Restaurant.Testcases.VerifyValidUserLoginTest"/>
  <system-out/>
  <testcase name="VerifyUserLogin" time="25.773" classname="com.Restaurant.Testcases.VerifyValidUserLoginTest"/>
  <system-out/>
</testsuite> <!-- com.Restaurant.Testcases.VerifyValidUserLoginTest -->
