<?xml version="1.0" encoding="UTF-8"?>
<!-- Generated by org.testng.reporters.JUnitReportReporter -->
<testsuite skipped="0" hostname="DESKTOP-6BKT3H1" name="com.Restaurant.Testcases.VerifyUsersPageInSettings" tests="1" failures="0" timestamp="2022-12-15T00:47:07 IST" time="13.951" errors="0">
  <testcase name="VerifyUsersTable" time="13.951" classname="com.Restaurant.Testcases.VerifyUsersPageInSettings"/>
  <system-out/>
</testsuite> <!-- com.Restaurant.Testcases.VerifyUsersPageInSettings -->
